\BOOKMARK [1][-]{section*.1}{\376\377\060\020\172\172\121\233\060\021\121\161\121\233\134\017\220\123\155\210\140\157\130\236\210\145\377\032\000S\000u\000-\0003\0005}{}% 1
\BOOKMARK [1][-]{section*.3}{\376\377\0001\147\141\225\356\173\124}{}% 2
\BOOKMARK [1][-]{section*.4}{\376\377\060\020\177\216\126\375\060\021\060\020\142\046\165\145\060\021\177\216\126\375\166\204\153\047\155\062\116\343\164\006\116\272\147\177\127\127\221\315\145\164}{}% 3
\BOOKMARK [1][-]{section*.6}{\376\377\0003\147\141\225\356\173\124}{}% 4
\BOOKMARK [1][-]{section*.7}{\376\377\060\020\221\321\207\215\060\021\060\020\142\060\165\145\060\021\177\216\121\103\166\204\221\321\207\215\227\070\153\012\377\010\116\000\377\011}{}% 5
\BOOKMARK [1][-]{section*.9}{\376\377\0001\0001\147\141\225\356\173\124}{}% 6
\BOOKMARK [1][-]{section*.10}{\376\377\060\020\221\321\207\215\060\021\060\020\142\030\165\145\060\021\177\216\121\103\166\204\221\321\207\215\227\070\147\103\377\010\116\214\377\011}{}% 7
\BOOKMARK [1][-]{section*.12}{\376\377\0003\147\141\225\356\173\124}{}% 8
\BOOKMARK [1][-]{section*.13}{\376\377\060\020\221\321\207\215\060\021\060\020\142\030\165\145\060\021\177\216\121\103\166\204\221\321\207\215\227\070\147\103\377\010\116\011\377\011}{}% 9
\BOOKMARK [1][-]{section*.15}{\376\377\0004\147\141\225\356\173\124}{}% 10
\BOOKMARK [1][-]{section*.16}{\376\377\060\020\221\321\207\215\060\021\060\020\142\030\165\145\060\021\177\216\121\103\166\204\221\321\207\215\227\070\147\103\377\010\126\333\377\011}{}% 11
\BOOKMARK [1][-]{section*.18}{\376\377\0001\147\141\225\356\173\124}{}% 12
\BOOKMARK [1][-]{section*.19}{\376\377\060\020\221\321\207\215\060\021\060\020\142\030\165\145\060\021\177\216\121\103\166\204\221\321\207\215\227\070\147\103\377\010\116\224\377\011}{}% 13
\BOOKMARK [1][-]{section*.21}{\376\377\0002\0003\147\141\225\356\173\124}{}% 14
\BOOKMARK [1][-]{section*.22}{\376\377\060\020\135\345\116\032\060\021\116\055\121\161\166\204\116\013\116\000\116\052\165\042\116\032\142\200\147\057\145\073\121\163\377\032\146\166\162\107}{}% 15
\BOOKMARK [1][-]{section*.24}{\376\377\0002\147\141\225\356\173\124}{}% 16
\BOOKMARK [1][-]{section*.25}{\376\377\060\020\145\077\154\273\060\021\211\177\145\271\133\371\116\055\126\375\122\066\136\246\166\204\167\355\211\306}{}% 17
\BOOKMARK [1][-]{section*.27}{\376\377\0001\0002\147\141\225\356\173\124}{}% 18
\BOOKMARK [1][-]{section*.28}{\376\377\060\020\131\052\172\172\060\021\132\346\132\045\0005\123\367\000T\0001\230\172\122\051\217\324\126\336\127\060\164\003}{}% 19
\BOOKMARK [1][-]{section*.30}{\376\377\0002\147\141\225\356\173\124}{}% 20
\BOOKMARK [1][-]{section*.31}{\376\377\060\020\217\364\124\315\060\021\116\016\131\047\226\106\177\121\123\313\166\204\225\356\173\124\202\202\137\125\377\010\116\000\377\011}{}% 21
\BOOKMARK [1][-]{section*.33}{\376\377\0001\147\141\225\356\173\124}{}% 22
\BOOKMARK [1][-]{section*.34}{\376\377\060\020\145\077\154\273\060\021\145\077\136\234\166\204\173\054\116\000\211\201\122\241\000\040}{}% 23
\BOOKMARK [1][-]{section*.36}{\376\377\0001\147\141\225\356\173\124}{}% 24
\BOOKMARK [1][-]{section*.37}{\376\377\060\020\200\375\156\220\060\021\060\020\176\317\155\116\060\021\214\010\154\271\116\367}{}% 25
\BOOKMARK [1][-]{section*.39}{\376\377\0001\147\141\225\356\173\124}{}% 26
\BOOKMARK [1][-]{section*.40}{\376\377\060\020\200\375\156\220\060\021\060\020\175\223\157\337\060\021\0002\0000\0003\0000\136\164\135\346\123\363}{}% 27
\BOOKMARK [1][-]{section*.42}{\376\377\0002\147\141\225\356\173\124}{}% 28
\BOOKMARK [1][-]{section*.43}{\376\377\060\020\176\317\155\116\060\021\177\216\137\017\176\317\155\116\133\146\146\057\232\227\116\272\142\212\142\017\166\204\123\310\116\000\210\150\137\265}{}% 29
\BOOKMARK [1][-]{section*.45}{\376\377\0005\147\141\225\356\173\124}{}% 30
\BOOKMARK [1][-]{section*.46}{\376\377\060\020\177\216\126\375\060\021\133\314\214\152\123\343\210\213\221\314\166\204\126\375\133\266}{}% 31
\BOOKMARK [1][-]{section*.48}{\376\377\0001\147\141\225\356\173\124}{}% 32
\BOOKMARK [1][-]{section*.49}{\376\377\060\020\177\216\126\375\060\021\060\020\221\321\207\215\060\021\177\216\137\017\154\021\116\073\166\204\167\037\153\143\116\073\116\272}{}% 33
\BOOKMARK [1][-]{section*.51}{\376\377\0003\147\141\225\356\173\124}{}% 34
\BOOKMARK [1][-]{section*.52}{\376\377\060\020\177\216\127\013\060\021\212\000\212\326\201\352\165\061\166\204\120\107\166\370}{}% 35
\BOOKMARK [1][-]{section*.54}{\376\377\0002\147\141\225\356\173\124}{}% 36
\BOOKMARK [1][-]{section*.55}{\376\377\060\020\123\360\156\176\060\021\060\020\172\172\121\233\060\021\116\141\141\077\377\014\155\013\131\164\124\214\121\244\131\047\131\064}{}% 37
\BOOKMARK [1][-]{section*.57}{\376\377\0001\147\141\225\356\173\124}{}% 38
\BOOKMARK [1][-]{section*.58}{\376\377\060\020\221\321\207\215\060\021\060\020\142\030\165\145\060\021\136\014\201\112\116\016\153\047\121\103\000\040}{}% 39
\BOOKMARK [1][-]{section*.60}{\376\377\0002\0000\147\141\225\356\173\124}{}% 40
\BOOKMARK [1][-]{section*.61}{\376\377\060\020\177\216\126\375\060\021\171\321\133\146\165\114\166\204\123\126\155\353\200\005}{}% 41
\BOOKMARK [1][-]{section*.63}{\376\377\0004\147\141\225\356\173\124}{}% 42
\BOOKMARK [1][-]{section*.64}{\376\377\060\020\135\345\116\032\060\021\060\020\200\375\156\220\060\021\154\070\217\334\166\204\147\052\147\145\142\200\147\057}{}% 43
\BOOKMARK [1][-]{section*.66}{\376\377\0002\0000\147\141\225\356\173\124}{}% 44
\BOOKMARK [1][-]{section*.67}{\376\377\060\020\221\321\207\215\060\021\060\020\142\030\165\145\060\021\121\215\214\010\000A\000I\000I\000B}{}% 45
\BOOKMARK [1][-]{section*.69}{\376\377\0001\0003\147\141\225\356\173\124}{}% 46
\BOOKMARK [1][-]{section*.70}{\376\377\220\031\120\013\220\350\204\075\150\074}{}% 47
\BOOKMARK [1][-]{section*.72}{\376\377\0005\147\141\225\356\173\124}{}% 48
\BOOKMARK [1][-]{section*.73}{\376\377\060\020\142\030\165\145\060\021\060\020\176\317\155\116\060\021\136\035\126\375\131\047\123\315\121\373}{}% 49
\BOOKMARK [1][-]{section*.75}{\376\377\0006\147\141\225\356\173\124}{}% 50
\BOOKMARK [1][-]{section*.76}{\376\377\060\020\142\030\165\145\060\021\060\020\176\317\155\116\060\021\175\166\127\060\131\047\123\315\145\073}{}% 51
\BOOKMARK [1][-]{section*.78}{\376\377\0001\147\141\225\356\173\124}{}% 52
\BOOKMARK [1][-]{section*.79}{\376\377\060\020\123\360\156\176\060\021\0002\0000\0002\0000\136\164\122\115\166\204\123\360\155\167\142\030\137\171}{}% 53
\BOOKMARK [1][-]{section*.81}{\376\377\0004\147\141\225\356\173\124}{}% 54
\BOOKMARK [1][-]{section*.82}{\376\377\060\020\123\360\156\176\060\021\124\054\121\166\212\000\200\014\211\302\121\166\210\114}{}% 55
\BOOKMARK [1][-]{section*.84}{\376\377\0001\147\141\225\356\173\124}{}% 56
\BOOKMARK [1][-]{section*.85}{\376\377\060\020\135\345\116\032\060\021\116\055\121\161\126\375\204\045\117\001\116\032\166\204\145\071\227\151}{}% 57
\BOOKMARK [1][-]{section*.87}{\376\377\0004\147\141\225\356\173\124}{}% 58
\BOOKMARK [1][-]{section*.88}{\376\377\060\020\145\077\154\273\060\021\116\055\121\161\127\050\153\047\155\062\166\204\147\000\131\175\147\013\123\313}{}% 59
\BOOKMARK [1][-]{section*.90}{\376\377\0001\147\141\225\356\173\124}{}% 60
\BOOKMARK [1][-]{section*.91}{\376\377\060\020\221\321\207\215\060\021\116\055\126\375\161\325\133\120}{}% 61
\BOOKMARK [1][-]{section*.93}{\376\377\0003\0006\147\141\225\356\173\124}{}% 62
\BOOKMARK [1][-]{section*.94}{\376\377\060\020\123\360\156\176\060\021\116\000\116\366\134\017\145\260\225\373}{}% 63
\BOOKMARK [1][-]{section*.96}{\376\377\0004\147\141\225\356\173\124}{}% 64
\BOOKMARK [1][-]{section*.97}{\376\377\060\020\145\077\154\273\060\021\060\020\176\317\155\116\060\021\154\021\116\073\145\077\154\273\116\016\201\352\165\061\176\317\155\116}{}% 65
\BOOKMARK [1][-]{section*.99}{\376\377\0001\0004\147\141\225\356\173\124}{}% 66
\BOOKMARK [1][-]{section*.100}{\376\377\060\020\142\030\165\145\060\021\134\017\126\375\145\340\131\026\116\244}{}% 67
\BOOKMARK [1][-]{section*.102}{\376\377\0001\147\141\225\356\173\124}{}% 68
\BOOKMARK [1][-]{section*.103}{\376\377\060\020\135\345\116\032\060\021\0002\0000\0002\0005\136\164\166\204\116\055\126\375\135\345\116\032}{}% 69
\BOOKMARK [1][-]{section*.105}{\376\377\0002\0004\147\141\225\356\173\124}{}% 70
\BOOKMARK [1][-]{section*.106}{\376\377\060\020\135\345\116\032\060\021\171\321\142\200\123\321\134\125\116\016\177\216\137\017\201\352\165\061\145\340\121\163}{}% 71
\BOOKMARK [1][-]{section*.108}{\376\377\0001\0001\147\141\225\356\173\124}{}% 72
\BOOKMARK [1][-]{section*.109}{\376\377\060\020\132\222\117\123\060\021\121\113\142\311\217\320\154\263\166\204\120\107\145\260\225\373}{}% 73
\BOOKMARK [1][-]{section*.111}{\376\377\0007\147\141\225\356\173\124}{}% 74
\BOOKMARK [1][-]{section*.112}{\376\377\060\020\176\317\155\116\060\021\060\020\177\216\126\375\060\021\131\047\120\134\156\336\166\204\167\037\123\237\126\340}{}% 75
\BOOKMARK [1][-]{section*.114}{\376\377\0002\0006\147\141\225\356\173\124}{}% 76
\BOOKMARK [1][-]{section*.115}{\376\377\060\020\142\030\165\145\060\021\060\020\177\216\126\375\060\021\137\123\116\343\177\216\126\375\142\030\165\145\134\100\122\277\116\016\173\126\165\145}{}% 77
\BOOKMARK [1][-]{section*.117}{\376\377\0001\147\141\225\356\173\124}{}% 78
\BOOKMARK [1][-]{section*.118}{\376\377\060\020\176\317\155\116\060\021\214\010\000G\000D\000P\145\160\133\127\166\204\134\100\226\120\140\047\000\040}{}% 79
\BOOKMARK [1][-]{section*.120}{\376\377\0002\0001\147\141\225\356\173\124}{}% 80
\BOOKMARK [1][-]{section*.121}{\376\377\060\020\176\317\155\116\060\021\121\215\214\010\000T\000P\000P}{}% 81
\BOOKMARK [1][-]{section*.123}{\376\377\0003\0007\147\141\225\356\173\124}{}% 82
\BOOKMARK [1][-]{section*.124}{\376\377\060\020\177\216\126\375\060\021\177\216\126\375\137\017\166\204\215\052\201\120\140\073\176\337}{}% 83
\BOOKMARK [1][-]{section*.126}{\376\377\0001\0007\147\141\225\356\173\124}{}% 84
\BOOKMARK [1][-]{section*.127}{\376\377\060\020\123\360\156\176\060\021\126\333\127\072\157\024\213\262}{}% 85
\BOOKMARK [1][-]{section*.129}{\376\377\0001\0001\147\141\225\356\173\124}{}% 86
\BOOKMARK [1][-]{section*.130}{\376\377\060\020\176\317\155\116\060\021\214\010\220\032\215\047\201\250\200\300}{}% 87
\BOOKMARK [1][-]{section*.132}{\376\377\0001\0000\147\141\225\356\173\124}{}% 88
\BOOKMARK [1][-]{section*.133}{\376\377\060\020\153\167\123\362\060\021\210\305\165\062\134\006\121\233}{}% 89
\BOOKMARK [1][-]{section*.135}{\376\377\0003\147\141\225\356\173\124}{}% 90
\BOOKMARK [1][-]{section*.136}{\376\377\060\020\221\321\207\215\060\021\060\020\176\317\155\116\060\021\214\010\116\055\126\375\200\241\136\002\124\214\121\166\116\326\225\356\230\230}{}% 91
\BOOKMARK [1][-]{section*.138}{\376\377\0003\0005\147\141\225\356\173\124}{}% 92
\BOOKMARK [1][-]{section*.139}{\376\377\060\020\226\106\121\233\060\021\121\161\121\233\166\204\215\205\176\247\131\047\160\256}{}% 93
\BOOKMARK [1][-]{section*.141}{\376\377\0001\147\141\225\356\173\124}{}% 94
\BOOKMARK [1][-]{section*.142}{\376\377\060\020\123\360\156\176\060\021\131\202\147\234\142\021\146\057\140\073\176\337\120\031\220\011\116\272}{}% 95
\BOOKMARK [1][-]{section*.144}{\376\377\0001\0000\147\141\225\356\173\124}{}% 96
\BOOKMARK [1][-]{section*.145}{\376\377\060\020\142\030\165\145\060\021\121\215\214\010\136\014\201\112\116\016\153\047\121\103}{}% 97
\BOOKMARK [1][-]{section*.147}{\376\377\0002\0000\147\141\225\356\173\124}{}% 98
\BOOKMARK [1][-]{section*.148}{\376\377\060\020\127\372\171\016\171\321\170\024\060\021\116\272\230\136\166\204\215\167\156\220}{}% 99
\BOOKMARK [1][-]{section*.150}{\376\377\0001\0000\147\141\225\356\173\124}{}% 100
\BOOKMARK [1][-]{section*.151}{\376\377\060\020\177\216\126\375\060\021\177\216\126\375\137\017\166\204\140\120\237\231\154\325\133\230\377\010\116\214\377\011}{}% 101
\BOOKMARK [1][-]{section*.153}{\376\377\0002\147\141\225\356\173\124}{}% 102
\BOOKMARK [1][-]{section*.154}{\376\377\060\020\226\106\121\233\060\021\060\020\155\167\121\233\060\021\121\161\121\233\134\017\220\123\155\210\140\157\122\067\145\260\377\010\0002\0000\0001\0005\136\164\173\054\116\011\133\143\377\011}{}% 103
\BOOKMARK [1][-]{section*.156}{\376\377\0003\147\141\225\356\173\124}{}% 104
\BOOKMARK [1][-]{section*.157}{\376\377\060\020\226\106\121\233\060\021\147\052\147\145\123\101\136\164\166\204\116\055\177\216\153\146\126\150\133\371\153\324\377\010\116\000\377\011}{}% 105
\BOOKMARK [1][-]{section*.159}{\376\377\0001\147\141\225\356\173\124}{}% 106
\BOOKMARK [1][-]{section*.160}{\376\377\060\020\172\172\121\233\060\021\147\052\147\145\123\101\136\164\166\204\116\055\177\216\153\146\126\150\133\371\153\324\377\010\116\214\377\011}{}% 107
\BOOKMARK [1][-]{section*.162}{\376\377\0001\147\141\225\356\173\124}{}% 108
\BOOKMARK [1][-]{section*.163}{\376\377\060\020\155\167\121\233\060\021\147\052\147\145\123\101\136\164\166\204\116\055\177\216\153\146\126\150\133\371\153\324\377\010\116\011\377\011}{}% 109
\BOOKMARK [1][-]{section*.165}{\376\377\0003\147\141\225\356\173\124}{}% 110
\BOOKMARK [1][-]{section*.166}{\376\377\060\020\123\360\156\176\060\021\141\032\154\021\116\073\145\077\116\013\166\204\143\007\236\177\116\072\232\154}{}% 111
\BOOKMARK [1][-]{section*.168}{\376\377\0005\147\141\225\356\173\124}{}% 112
\BOOKMARK [1][-]{section*.169}{\376\377\060\020\177\216\126\375\060\021\214\010\116\000\116\052\154\263\155\101\154\141\147\323\116\213\116\366}{}% 113
\BOOKMARK [1][-]{section*.171}{\376\377\0004\147\141\225\356\173\124}{}% 114
\BOOKMARK [1][-]{section*.172}{\376\377\060\020\176\317\155\116\060\021\116\026\165\114\176\317\155\116\147\052\147\145\215\160\124\021}{}% 115
\BOOKMARK [1][-]{section*.174}{\376\377\0005\0008\147\141\225\356\173\124}{}% 116
\BOOKMARK [1][-]{section*.175}{\376\377\060\020\127\372\170\100\171\321\170\024\060\021\127\372\126\340\135\345\172\013\116\016\122\006\133\120\165\037\162\151\133\146\166\204\145\260\123\321\134\125\377\010\116\214\377\011}{}% 117
\BOOKMARK [1][-]{section*.177}{\376\377\0001\147\141\225\356\173\124}{}% 118
\BOOKMARK [1][-]{section*.178}{\376\377\060\020\123\360\160\143\060\021\060\020\135\345\151\155\060\021\175\223\157\337\166\204\147\000\137\214\145\057\147\361}{}% 119
\BOOKMARK [1][-]{section*.180}{\376\377\0002\0006\147\141\225\356\173\124}{}% 120
\BOOKMARK [1][-]{section*.181}{\376\377\060\020\123\073\165\227\060\021\137\123\122\115\116\026\165\114\166\204\121\154\121\161\123\153\165\037\123\161\147\072}{}% 121
\BOOKMARK [1][-]{section*.183}{\376\377\0001\0003\147\141\225\356\173\124}{}% 122
\BOOKMARK [1][-]{section*.184}{\376\377\060\020\176\317\155\116\060\021\121\215\214\010\200\241\136\002\124\214\154\271\116\367}{}% 123
\BOOKMARK [1][-]{section*.186}{\376\377\0002\0002\147\141\225\356\173\124}{}% 124
\BOOKMARK [1][-]{section*.187}{\376\377\060\020\155\167\121\233\060\021\060\020\172\172\121\233\060\021\137\375\140\240\131\047\167\076\166\204\206\132\142\337\153\146\126\150}{}% 125
\BOOKMARK [1][-]{section*.189}{\376\377\0001\147\141\225\356\173\124}{}% 126
\BOOKMARK [1][-]{section*.190}{\376\377\060\020\221\321\207\215\060\021\116\011\214\010\200\241\136\002}{}% 127
\BOOKMARK [1][-]{section*.192}{\376\377\0005\0005\147\141\225\356\173\124}{}% 128
\BOOKMARK [1][-]{section*.193}{\376\377\060\020\126\375\226\105\060\021\202\361\126\375\116\214\116\011\116\213}{}% 129
\BOOKMARK [1][-]{section*.195}{\376\377\0006\147\141\225\356\173\124}{}% 130
\BOOKMARK [1][-]{section*.196}{\376\377\060\020\172\172\121\233\060\021\060\020\155\167\121\233\060\021\121\161\121\233\134\017\220\123\155\210\140\157\122\067\145\260\377\010\0002\0000\0001\0005\136\164\116\135\147\010\162\171\122\012\377\011}{}% 131
\BOOKMARK [1][-]{section*.198}{\376\377\0005\147\141\225\356\173\124}{}% 132
\BOOKMARK [1][-]{section*.199}{\376\377\060\020\137\267\126\375\060\021\060\020\177\216\126\375\060\021\202\015\165\037\123\326\116\111\166\204\145\077\154\273\116\272\162\151}{}% 133
\BOOKMARK [1][-]{section*.201}{\376\377\0001\0000\147\141\225\356\173\124}{}% 134
\BOOKMARK [1][-]{section*.202}{\376\377\060\020\177\216\126\375\060\021\167\345\213\306\165\042\147\103\166\204\215\042\126\342\162\354\227\070}{}% 135
\BOOKMARK [1][-]{section*.204}{\376\377\0003\147\141\225\356\173\124}{}% 136
\BOOKMARK [1][-]{section*.205}{\376\377\060\020\177\216\126\375\060\021\060\020\221\321\207\215\060\021\177\216\126\375\137\017\166\204\140\120\237\231\154\325\133\230\377\010\116\011\377\011}{}% 137
\BOOKMARK [1][-]{section*.207}{\376\377\0007\147\141\225\356\173\124}{}% 138
\BOOKMARK [1][-]{section*.208}{\376\377\060\020\135\345\151\155\060\021\121\215\212\307\116\055\127\013\166\204\150\070\226\373\166\174\134\125}{}% 139
\BOOKMARK [1][-]{section*.210}{\376\377\0004\147\141\225\356\173\124}{}% 140
\BOOKMARK [1][-]{section*.211}{\376\377\060\020\145\077\154\273\060\021\201\352\145\255\124\016\215\357\166\204\162\367\116\313\156\005\133\230}{}% 141
\BOOKMARK [1][-]{section*.213}{\376\377\0006\147\141\225\356\173\124}{}% 142
\BOOKMARK [1][-]{section*.214}{\376\377\060\020\172\172\216\315\060\021\123\163\134\007\121\372\163\376\166\204\145\260\210\335\120\231\377\010\116\000\377\011}{}% 143
\BOOKMARK [1][-]{section*.216}{\376\377\0002\147\141\225\356\173\124}{}% 144
\BOOKMARK [1][-]{section*.217}{\376\377\060\020\155\167\121\233\060\021\123\163\134\006\121\372\163\260\166\204\145\260\210\305\131\007\377\010\116\011\377\011}{}% 145
\BOOKMARK [1][-]{section*.219}{\376\377\0001\147\141\225\356\173\124}{}% 146
\BOOKMARK [1][-]{section*.220}{\376\377\060\020\175\223\157\337\060\021\212\307\121\150\164\003\146\226\123\026}{}% 147
\BOOKMARK [1][-]{section*.222}{\376\377\0001\0004\147\141\225\356\173\124}{}% 148
\BOOKMARK [1][-]{section*.223}{\376\377\060\020\126\375\226\105\060\021\136\002\127\072\176\317\155\116\127\060\117\115}{}% 149
\BOOKMARK [1][-]{section*.225}{\376\377\0004\0005\147\141\225\356\173\124}{}% 150
\BOOKMARK [1][-]{section*.226}{\376\377\060\020\123\073\165\227\060\021\163\260\116\343\123\073\165\227\166\204\131\047\120\022\220\000}{}% 151
\BOOKMARK [1][-]{section*.228}{\376\377\0002\0006\147\141\225\356\173\124}{}% 152
\BOOKMARK [1][-]{section*.229}{\376\377\060\020\177\216\126\375\060\021\177\216\126\375\166\204\137\000\126\375\171\136\213\335}{}% 153
\BOOKMARK [1][-]{section*.231}{\376\377\0007\147\141\225\356\173\124}{}% 154
\BOOKMARK [1][-]{section*.232}{\376\377\060\020\172\172\121\233\060\021\060\020\155\167\121\233\060\021\121\161\121\233\134\017\220\123\155\210\140\157\122\067\145\260\377\010\0002\0000\0001\0005\136\164\173\054\126\333\133\143\377\011}{}% 155
\BOOKMARK [1][-]{section*.234}{\376\377\0005\147\141\225\356\173\124}{}% 156
\BOOKMARK [1][-]{section*.235}{\376\377\060\020\135\345\116\032\060\021\155\105\214\010\121\111\117\017\116\032}{}% 157
\BOOKMARK [1][-]{section*.237}{\376\377\0009\147\141\225\356\173\124}{}% 158
\BOOKMARK [1][-]{section*.238}{\376\377\060\020\133\243\136\003\060\021\122\115\153\265\145\366\225\364\137\210\137\331\137\210\160\346\377\014\163\260\127\050\123\357\116\345\221\315\145\260\121\231\117\134\116\206}{}% 159
\BOOKMARK [1][-]{section*.240}{\376\377\0001\147\141\225\356\173\124}{}% 160
\BOOKMARK [1][-]{section*.241}{\376\377\060\020\176\317\155\116\060\021\157\053\214\010\217\321\147\145\166\204\176\317\155\116\140\001\122\277}{}% 161
\BOOKMARK [1][-]{section*.243}{\376\377\0004\0005\147\141\225\356\173\124}{}% 162
\BOOKMARK [1][-]{section*.244}{\376\377\060\020\126\375\226\105\060\021\173\200\213\304\202\361\126\375\201\061\153\047}{}% 163
\BOOKMARK [1][-]{section*.246}{\376\377\0008\147\141\225\356\173\124}{}% 164
\BOOKMARK [1][-]{section*.247}{\376\377\060\020\142\030\165\145\060\021\133\371\177\216\121\233\127\050\227\351\126\375\220\350\177\162\000T\000H\000A\000A\000D\116\113\142\021\211\301}{}% 165
\BOOKMARK [1][-]{section*.249}{\376\377\0001\147\141\225\356\173\124}{}% 166
\BOOKMARK [1][-]{section*.250}{\376\377\060\020\177\216\126\375\060\021\060\020\142\030\165\145\060\021\000T\000r\000u\000m\000p\166\204\145\275\145\077\145\271\224\210}{}% 167
\BOOKMARK [1][-]{section*.252}{\376\377\0003\147\141\225\356\173\124}{}% 168
\BOOKMARK [1][-]{section*.253}{\376\377\060\020\127\372\171\016\171\321\170\024\060\021\131\047\116\236\160\143\133\346\232\127\166\204\145\260\175\120\147\234}{}% 169
\BOOKMARK [1][-]{section*.255}{\376\377\0004\147\141\225\356\173\124}{}% 170
\BOOKMARK [1][-]{section*.256}{\376\377\060\020\133\243\136\003\060\021\122\032\120\132\142\113\147\057\377\014\121\231\117\134\146\202\177\023}{}% 171
\BOOKMARK [1][-]{section*.258}{\376\377\0007\147\141\225\356\173\124}{}% 172
\BOOKMARK [1][-]{section*.259}{\376\377\060\020\127\013\226\233\060\021\123\160\136\246\116\214\116\011\116\213}{}% 173
\BOOKMARK [1][-]{section*.261}{\376\377\0001\0003\147\141\225\356\173\124}{}% 174
\BOOKMARK [1][-]{section*.262}{\376\377\060\020\127\013\226\233\060\021\060\020\142\060\165\145\060\021\126\336\230\147\155\036\147\027\116\213\116\366}{}% 175
\BOOKMARK [1][-]{section*.264}{\376\377\0001\147\141\225\356\173\124}{}% 176
\BOOKMARK [1][-]{section*.265}{\376\377\060\020\142\060\165\145\060\021\060\020\155\167\216\315\060\021\121\215\212\307\121\161\216\315\166\204\226\373\170\301\160\256}{}% 177
\BOOKMARK [1][-]{section*.267}{\376\377\0001\147\141\225\356\173\124}{}% 178
\BOOKMARK [1][-]{section*.268}{\376\377\060\020\142\060\165\145\060\021\212\307\116\055\121\161\117\356\141\262}{}% 179
\BOOKMARK [1][-]{section*.270}{\376\377\0006\147\141\225\356\173\124}{}% 180
\BOOKMARK [1][-]{section*.271}{\376\377\060\020\177\216\127\013\060\021\060\020\175\223\157\337\060\021\121\215\212\307\000T\000r\000u\000m\000p\166\204\145\077\173\126}{}% 181
\BOOKMARK [1][-]{section*.273}{\376\377\0001\147\141\225\356\173\124}{}% 182
\BOOKMARK [1][-]{section*.274}{\376\377\060\020\142\060\165\145\060\021\060\020\175\223\157\337\060\021\121\215\212\307\116\055\177\216\214\277\146\023\142\060}{}% 183
\BOOKMARK [1][-]{section*.276}{\376\377\0001\147\141\225\356\173\124}{}% 184
\BOOKMARK [1][-]{section*.277}{\376\377\060\020\175\223\157\337\060\021\145\076\116\373\175\223\157\337\133\170\166\204\220\217\217\057\213\054\212\244}{}% 185
\BOOKMARK [1][-]{section*.279}{\376\377\0001\0001\147\141\225\356\173\124}{}% 186
\BOOKMARK [1][-]{section*.280}{\376\377\060\020\177\216\127\013\060\021\177\216\127\013\145\077\130\307\166\204\174\373\175\161\140\047\201\120\123\026}{}% 187
\BOOKMARK [1][-]{section*.282}{\376\377\0002\147\141\225\356\173\124}{}% 188
\BOOKMARK [1][-]{section*.283}{\376\377\060\020\221\321\207\215\060\021\060\020\127\013\226\233\060\021\123\160\136\246\166\204\137\161\133\120\222\200\210\114}{}% 189
\BOOKMARK [1][-]{section*.285}{\376\377\0001\0004\147\141\225\356\173\124}{}% 190
\BOOKMARK [1][-]{section*.286}{\376\377\060\020\145\077\154\273\060\021\212\307\144\015\116\272\116\015\122\051\135\361}{}% 191
\BOOKMARK [1][-]{section*.288}{\376\377\0003\147\141\225\356\173\124}{}% 192
\BOOKMARK [1][-]{section*.289}{\376\377\060\020\135\345\151\155\060\021\212\307\147\052\117\206\166\204\200\375\156\220\142\200\210\123}{}% 193
\BOOKMARK [1][-]{section*.291}{\376\377\0003\147\141\225\356\173\124}{}% 194
\BOOKMARK [1][-]{section*.292}{\376\377\060\020\212\236\212\000\060\021\124\254\145\207\126\274\133\127}{}% 195
\BOOKMARK [1][-]{section*.294}{\376\377\0001\147\141\225\356\173\124}{}% 196
\BOOKMARK [1][-]{section*.295}{\376\377\060\020\177\216\127\013\060\021\121\215\212\307\177\216\127\013\166\204\201\120\123\026}{}% 197
\BOOKMARK [1][-]{section*.297}{\376\377\0002\147\141\225\356\173\124}{}% 198
\BOOKMARK [1][-]{section*.298}{\376\377\060\020\177\216\127\013\060\021\000T\000r\000u\000m\000p\166\204\153\012\122\233\204\016\176\056}{}% 199
\BOOKMARK [1][-]{section*.300}{\376\377\0005\147\141\225\356\173\124}{}% 200
\BOOKMARK [1][-]{section*.301}{\376\377\060\020\127\372\171\016\171\321\170\024\060\021\232\330\200\375\162\151\164\006\165\114\166\204\145\260\122\325\141\113}{}% 201
\BOOKMARK [1][-]{section*.303}{\376\377\0002\147\141\225\356\173\124}{}% 202
\BOOKMARK [1][-]{section*.304}{\376\377\060\020\137\303\164\006\060\021\162\062\116\300\236\275\116\213\133\346\202\007\220\217\217\057\134\015\177\244\210\106\161\041\145\110\377\037}{}% 203
\BOOKMARK [1][-]{section*.306}{\376\377\0001\147\141\225\356\173\124}{}% 204
\BOOKMARK [1][-]{section*.307}{\376\377\060\020\177\216\127\013\060\021\127\337\131\026\173\241\217\104\153\012}{}% 205
\BOOKMARK [1][-]{section*.309}{\376\377\0002\147\141\225\356\173\124}{}% 206
\BOOKMARK [1][-]{section*.310}{\376\377\060\020\127\372\171\016\171\321\170\024\060\021\131\047\134\015\144\236\152\137\116\015\146\057\131\175\166\204\127\372\171\016\171\321\170\024\230\005\166\356}{}% 207
\BOOKMARK [1][-]{section*.312}{\376\377\0001\147\141\225\356\173\124}{}% 208
\BOOKMARK [1][-]{section*.313}{\376\377\060\020\177\216\127\013\060\021\060\020\142\060\165\145\060\021\116\011\212\307\116\055\177\216\214\277\146\023\142\060}{}% 209
\BOOKMARK [1][-]{section*.315}{\376\377\0006\147\141\225\356\173\124}{}% 210
\BOOKMARK [1][-]{section*.316}{\376\377\060\020\127\013\226\233\060\021\060\020\145\077\154\273\060\021\0002\0001\116\026\175\000\116\113\154\021\174\271}{}% 211
\BOOKMARK [1][-]{section*.318}{\376\377\0009\147\141\225\356\173\124}{}% 212
\BOOKMARK [1][-]{section*.319}{\376\377\060\020\123\360\160\143\060\021\217\324\201\372\226\250\173\106}{}% 213
\BOOKMARK [1][-]{section*.321}{\376\377\0002\147\141\225\356\173\124}{}% 214
\BOOKMARK [1][-]{section*.322}{\376\377\060\020\123\360\160\143\060\021\121\215\212\307\175\161\116\000}{}% 215
\BOOKMARK [1][-]{section*.324}{\376\377\0001\0001\147\141\225\356\173\124}{}% 216
\BOOKMARK [1][-]{section*.325}{\376\377\060\020\202\361\127\013\060\021\212\307\000B\000r\000e\000x\000i\000t}{}% 217
\BOOKMARK [1][-]{section*.327}{\376\377\0004\147\141\225\356\173\124}{}% 218
\BOOKMARK [1][-]{section*.328}{\376\377\060\020\123\360\160\143\060\021\060\020\135\345\151\155\060\021\123\360\160\143\200\375\156\220\117\233\141\311\166\204\147\052\117\206}{}% 219
\BOOKMARK [1][-]{section*.330}{\376\377\0001\147\141\225\356\173\124}{}% 220
\BOOKMARK [1][-]{section*.331}{\376\377\060\020\177\216\127\013\060\021\060\020\175\223\157\337\060\021\137\236\126\336\214\374\122\051\163\207\146\264\157\062\212\307\177\216\127\013\175\223\157\337\124\150\147\037}{}% 221
\BOOKMARK [1][-]{section*.333}{\376\377\0002\0001\147\141\225\356\173\124}{}% 222
\BOOKMARK [1][-]{section*.334}{\376\377\060\020\133\243\117\110\060\021\213\200\200\005\230\010\167\345}{}% 223
\BOOKMARK [1][-]{section*.336}{\376\377\0001\147\141\225\356\173\124}{}% 224
\BOOKMARK [1][-]{section*.337}{\376\377\060\020\205\335\210\123\060\021\060\020\127\372\171\016\171\321\170\024\060\021\205\335\210\123\202\007\171\321\133\170\166\204\210\160\145\127}{}% 225
\BOOKMARK [1][-]{section*.339}{\376\377\0001\147\141\225\356\173\124}{}% 226
\BOOKMARK [1][-]{section*.340}{\376\377\060\020\155\167\216\315\060\021\147\011\225\334\202\052\153\315\166\204\116\000\116\233\145\260\155\210\140\157}{}% 227
\BOOKMARK [1][-]{section*.342}{\376\377\0001\147\141\225\356\173\124}{}% 228
\BOOKMARK [1][-]{section*.343}{\376\377\060\020\177\216\127\013\060\021\174\041\212\125\154\021\116\073\236\350\137\110\122\276\000T\000r\000u\000m\000p}{}% 229
\BOOKMARK [1][-]{section*.345}{\376\377\0002\147\141\225\356\173\124}{}% 230
\BOOKMARK [1][-]{section*.346}{\376\377\060\020\221\321\207\215\060\021\060\020\142\060\165\145\060\021\000B\000R\000I\000C\000S\232\330\134\360\147\003\213\160\166\204\221\315\211\201\213\160\172\013}{}% 231
\BOOKMARK [1][-]{section*.348}{\376\377\0001\0002\147\141\225\356\173\124}{}% 232
\BOOKMARK [1][-]{section*.349}{\376\377\060\020\177\216\127\013\060\021\060\020\135\345\151\155\060\021\154\342\227\363\210\160\145\127\116\113\156\220}{}% 233
\BOOKMARK [1][-]{section*.351}{\376\377\0002\147\141\225\356\173\124}{}% 234
\BOOKMARK [1][-]{section*.352}{\376\377\060\020\177\216\127\013\060\021\060\020\145\077\154\273\060\021\177\216\127\013\135\033\215\167\146\102\116\343\166\204\154\273\164\006\124\362\133\170}{}% 235
\BOOKMARK [1][-]{section*.354}{\376\377\0002\147\141\225\356\173\124}{}% 236
\BOOKMARK [1][-]{section*.355}{\376\377\060\020\121\154\121\161\120\145\136\267\060\021\060\020\214\241\145\077\060\021\116\000\120\013\126\264\221\315\166\204\121\154\121\161\120\145\136\267\125\117\230\114}{}% 237
\BOOKMARK [1][-]{section*.357}{\376\377\0001\147\141\225\356\173\124}{}% 238
\BOOKMARK [1][-]{section*.358}{\376\377\060\020\123\360\160\143\060\021\123\360\160\143\131\047\220\170\137\214\123\357\210\114\166\204\121\205\145\077\145\071\227\151}{}% 239
\BOOKMARK [1][-]{section*.360}{\376\377\0002\147\141\225\356\173\124}{}% 240
\BOOKMARK [1][-]{section*.361}{\376\377\060\020\171\321\170\024\060\021\060\020\132\222\232\324\060\021\145\260\121\240\165\305\153\322\124\214\132\222\232\324\116\202\214\141}{}% 241
\BOOKMARK [1][-]{section*.363}{\376\377\0001\147\141\225\356\173\124}{}% 242
\BOOKMARK [1][-]{section*.364}{\376\377\060\020\135\345\151\155\060\021\060\020\200\375\156\220\060\021\121\215\212\307\154\053\175\223\157\337}{}% 243
\BOOKMARK [1][-]{section*.366}{\376\377\0001\147\141\225\356\173\124}{}% 244
\BOOKMARK [1][-]{section*.367}{\376\377\060\020\171\321\170\024\060\021\155\101\210\114\165\305\166\204\215\167\156\220\377\010\116\012\377\011}{}% 245
\BOOKMARK [1][-]{section*.369}{\376\377\0001\147\141\225\356\173\124}{}% 246
\BOOKMARK [1][-]{section*.370}{\376\377\060\020\221\253\166\102\060\021\142\021\166\204\145\260\121\240\175\223\232\127}{}% 247
\BOOKMARK [1][-]{section*.372}{\376\377\0005\147\141\225\356\173\124}{}% 248
\BOOKMARK [1][-]{section*.373}{\376\377\060\020\131\026\116\244\060\021\060\020\175\223\214\277\060\021\137\214\145\260\121\240\116\026\165\114\377\010\116\000\377\011}{}% 249
\BOOKMARK [1][-]{section*.375}{\376\377\0001\0000\147\141\225\356\173\124}{}% 250
\BOOKMARK [1][-]{section*.376}{\376\377\060\020\221\321\207\215\060\021\060\020\142\060\165\145\060\021\137\214\145\260\121\240\116\026\165\114\377\010\116\214\377\011}{}% 251
\BOOKMARK [1][-]{section*.378}{\376\377\0002\0004\147\141\225\356\173\124}{}% 252
\BOOKMARK [1][-]{section*.379}{\376\377\060\020\220\217\217\057\060\021\116\000\120\013\221\315\211\201\166\204\175\161\212\010\140\226\212\326}{}% 253
\BOOKMARK [1][-]{section*.381}{\376\377\0001\147\141\225\356\173\124}{}% 254
\BOOKMARK [1][-]{section*.382}{\376\377\060\020\153\167\123\362\060\021\060\020\142\060\165\145\060\021\136\014\162\171\122\322\166\204\142\060\165\145\220\170\144\307}{}% 255
\BOOKMARK [1][-]{section*.384}{\376\377\0002\147\141\225\356\173\124}{}% 256
\BOOKMARK [1][-]{section*.385}{\376\377\060\020\177\216\127\013\060\021\060\020\135\345\151\155\060\021\161\261\136\066\230\250\146\264\116\113\137\214}{}% 257
\BOOKMARK [1][-]{section*.387}{\376\377\0004\147\141\225\356\173\124}{}% 258
\BOOKMARK [1][-]{section*.388}{\376\377\060\020\133\170\210\123\173\241\164\006\060\021\137\236\120\107\131\047\172\172\212\307\145\260\146\102\116\343\166\204\133\170\210\123\173\241\164\006}{}% 259
\BOOKMARK [1][-]{section*.390}{\376\377\0007\147\141\225\356\173\124}{}% 260
\BOOKMARK [1][-]{section*.391}{\376\377\060\020\177\216\127\013\060\021\060\020\127\013\226\233\060\021\145\260\136\164\166\204\126\336\230\147\202\007\134\125\147\033\377\010\116\000\377\011}{}% 261
\BOOKMARK [1][-]{section*.393}{\376\377\0002\147\141\225\356\173\124}{}% 262
\BOOKMARK [1][-]{section*.394}{\376\377\060\020\177\216\127\013\060\021\060\020\127\013\226\233\060\021\145\260\136\164\166\204\126\336\230\147\202\007\134\125\147\033\377\010\116\214\377\011}{}% 263
\BOOKMARK [1][-]{section*.396}{\376\377\0003\147\141\225\356\173\124}{}% 264
\BOOKMARK [1][-]{section*.397}{\376\377\060\020\127\013\226\233\060\021\145\260\136\164\166\204\126\336\230\147\202\007\134\125\147\033\377\010\116\011\377\011}{}% 265
\BOOKMARK [1][-]{section*.399}{\376\377\0005\147\141\225\356\173\124}{}% 266
\BOOKMARK [1][-]{section*.400}{\376\377\060\020\133\243\117\110\060\021\136\176\122\107\123\132\133\242\116\213\122\331\124\214\141\037\212\000}{}% 267
\BOOKMARK [1][-]{section*.402}{\376\377\0002\147\141\225\356\173\124}{}% 268
\BOOKMARK [1][-]{section*.403}{\376\377\060\020\127\013\226\233\060\021\121\215\212\307\000B\000i\000d\000e\000n\116\373\147\037\121\205\166\204\116\055\177\216\123\132\137\010\173\111\213\160\230\114}{}% 269
\BOOKMARK [1][-]{section*.405}{\376\377\0001\0000\147\141\225\356\173\124}{}% 270
\BOOKMARK [1][-]{section*.406}{\376\377\060\020\127\013\226\233\060\021\060\020\133\243\120\263\060\021\131\202\117\125\170\064\211\343\165\166\122\115\153\120\177\216\166\204\133\243\120\263\145\073\122\342}{}% 271
\BOOKMARK [1][-]{section*.408}{\376\377\0008\147\141\225\356\173\124}{}% 272
\BOOKMARK [1][-]{section*.409}{\376\377\060\020\133\243\117\110\060\021\000W\000h\000o\000o\000p\000s\377\014\116\015\134\017\137\303\122\052\116\206\116\000\116\233\120\074\137\227\117\335\165\131\166\204\212\016\212\326}{}% 273
\BOOKMARK [1][-]{section*.411}{\376\377\0001\147\141\225\356\173\124}{}% 274
\BOOKMARK [1][-]{section*.412}{\376\377\060\020\153\167\123\362\060\021\121\267\142\060\060\001\133\170\220\113\124\214\116\224\126\333\220\113\122\325}{}% 275
\BOOKMARK [1][-]{section*.414}{\376\377\0001\147\141\225\356\173\124}{}% 276
\BOOKMARK [1][-]{section*.415}{\376\377\060\020\221\321\207\215\060\021\142\021\134\015\137\025\121\145\177\216\127\013\142\225\210\114\166\204\116\000\116\233\167\013\154\325}{}% 277
\BOOKMARK [1][-]{section*.417}{\376\377\0002\0002\147\141\225\356\173\124}{}% 278
\BOOKMARK [1][-]{section*.418}{\376\377\060\020\133\170\210\123\173\241\164\006\060\021\116\055\127\013\166\204\133\170\210\123\173\241\164\006\125\117\230\114\117\206\201\352\127\372\147\054\166\204\220\217\217\057\213\054\212\244}{}% 279
\BOOKMARK [1][-]{section*.420}{\376\377\0002\147\141\225\356\173\124}{}% 280
\BOOKMARK [1][-]{section*.421}{\376\377\060\020\131\026\116\244\060\021\060\020\142\060\165\145\060\021\177\216\127\013\122\066\203\357\153\167\172\013\122\006\147\220\123\312\134\015\116\055\127\013\131\026\116\244\145\077\173\126\212\277\145\164\166\204\136\372\213\160}{}% 281
\BOOKMARK [1][-]{section*.423}{\376\377\0001\0006\147\141\225\356\173\124}{}% 282
\BOOKMARK [1][-]{section*.424}{\376\377\060\020\177\216\127\013\060\021\060\020\127\013\226\233\060\021\0002\0000\0002\0002\136\164\127\013\226\233\134\100\122\342\166\204\126\336\230\147\202\007\134\125\147\033}{}% 283
\BOOKMARK [1][-]{section*.426}{\376\377\0002\0004\147\141\225\356\173\124}{}% 284
\BOOKMARK [1][-]{section*.427}{\376\377\060\020\171\321\142\200\060\021\221\317\133\120\220\032\117\341\124\214\212\010\173\227\146\057\116\055\127\013\133\170\210\123\173\241\164\006\166\204\230\055\206\137\212\244\123\100}{}% 285
\BOOKMARK [1][-]{section*.429}{\376\377\0001\147\141\225\356\173\124}{}% 286
\BOOKMARK [1][-]{section*.430}{\376\377\060\020\142\060\165\145\060\021\060\020\127\013\226\233\060\021\137\236\000S\000W\000I\000F\000T\122\066\210\301\117\304\127\013\377\014\167\013\116\055\127\013\166\204\134\015\141\311\116\113\220\123}{}% 287
\BOOKMARK [1][-]{section*.432}{\376\377\0007\0008\147\141\225\356\173\124}{}% 288
\BOOKMARK [1][-]{section*.433}{\376\377\060\020\145\077\154\273\060\021\171\076\147\003\116\073\177\251\127\013\133\266\141\311\212\162\131\202\117\125\173\241\164\006\214\307\147\054}{}% 289
\BOOKMARK [1][-]{section*.435}{\376\377\0002\0001\147\141\225\356\173\124}{}% 290
\BOOKMARK [1][-]{section*.436}{\376\377\060\020\177\216\127\013\060\021\155\167\156\126\203\212\127\022\142\204\133\266\116\213\116\366\136\125\137\214\166\204\177\216\127\013\145\077\154\273\233\045\162\055}{}% 291
\BOOKMARK [1][-]{section*.438}{\376\377\0001\147\141\225\356\173\124}{}% 292
\BOOKMARK [1][-]{section*.439}{\376\377\060\020\142\060\165\145\060\021\060\020\127\013\226\233\060\021\134\015\117\304\160\317\142\060\162\055\166\204\145\260\211\300\133\337}{}% 293
\BOOKMARK [1][-]{section*.441}{\376\377\0002\147\141\225\356\173\124}{}% 294
\BOOKMARK [1][-]{section*.442}{\376\377\060\020\142\060\165\145\060\021\060\020\127\013\226\233\060\021\174\041\212\125\165\166\122\115\166\204\000G\0007\134\015\203\357\141\113\122\342}{}% 295
\BOOKMARK [1][-]{section*.444}{\376\377\0009\147\141\225\356\173\124}{}% 296
\BOOKMARK [1][-]{section*.445}{\376\377\060\020\127\013\226\233\060\021\060\020\142\060\165\145\060\021\127\013\226\233\145\077\154\273\202\007\120\013\116\272\116\213\151\155\211\217\122\203}{}% 297
\BOOKMARK [1][-]{section*.447}{\376\377\0001\147\141\225\356\173\124}{}% 298
\BOOKMARK [1][-]{section*.448}{\376\377\060\020\221\321\207\215\060\021\060\020\142\060\165\145\060\021\127\013\226\233\221\321\207\215\147\052\117\206\215\250\122\342}{}% 299
\BOOKMARK [1][-]{section*.450}{\376\377\0006\147\141\225\356\173\124}{}% 300
\BOOKMARK [1][-]{section*.451}{\376\377\060\020\221\321\207\215\060\021\060\020\153\167\123\362\060\021\221\321\207\215\123\362\211\300\377\010\116\000\377\011\153\167\123\362\165\061\117\206}{}% 301
\BOOKMARK [1][-]{section*.453}{\376\377\0002\147\141\225\356\173\124}{}% 302
\BOOKMARK [1][-]{section*.454}{\376\377\060\020\221\321\207\215\060\021\060\020\142\060\165\145\060\021\221\321\207\215\123\362\211\300\377\010\116\214\377\011\165\166\122\115\134\100\122\342}{}% 303
\BOOKMARK [1][-]{section*.456}{\376\377\0001\0000\147\141\225\356\173\124}{}% 304
\BOOKMARK [1][-]{section*.457}{\376\377\060\020\175\223\157\337\060\021\060\020\133\170\210\123\173\241\164\006\060\021\221\321\207\215\123\362\211\300\377\010\116\011\377\011\145\077\173\126\136\372\213\160}{}% 305
\BOOKMARK [1][-]{section*.459}{\376\377\0009\147\141\225\356\173\124}{}% 306
